<?xml version="1.0" encoding="UTF-8"?>
<coverage generated="1533906707381" clover="3.2.0">
  <project timestamp="1533906707381" name="All files">
    <metrics statements="66" coveredstatements="27" conditionals="25" coveredconditionals="6" methods="34" coveredmethods="8" elements="125" coveredelements="41" complexity="0" loc="66" ncloc="66" packages="5" files="5" classes="5">
      <package name="app">
        <metrics statements="22" coveredstatements="10" conditionals="14" coveredconditionals="4" methods="7" coveredmethods="4"/>
        <file name="Client.js" path="C:\Users\mateusz\Downloads\expereo-app-mateusz\src\app\Client.js">
          <metrics statements="22" coveredstatements="10" conditionals="14" coveredconditionals="4" methods="7" coveredmethods="4"/>
          <line num="3" count="2" type="stmt"/>
          <line num="5" count="2" type="cond" truecount="1" falsecount="1"/>
          <line num="6" count="0" type="stmt"/>
          <line num="8" count="0" type="cond" truecount="0" falsecount="2"/>
          <line num="9" count="0" type="cond" truecount="0" falsecount="2"/>
          <line num="10" count="0" type="stmt"/>
          <line num="17" count="0" type="stmt"/>
          <line num="21" count="1" type="stmt"/>
          <line num="23" count="1" type="cond" truecount="1" falsecount="1"/>
          <line num="24" count="0" type="stmt"/>
          <line num="29" count="0" type="stmt"/>
          <line num="31" count="0" type="cond" truecount="0" falsecount="2"/>
          <line num="32" count="0" type="stmt"/>
          <line num="37" count="1" type="cond" truecount="1" falsecount="1"/>
          <line num="38" count="1" type="stmt"/>
          <line num="40" count="0" type="stmt"/>
          <line num="45" count="1" type="cond" truecount="1" falsecount="1"/>
          <line num="46" count="1" type="stmt"/>
          <line num="47" count="1" type="stmt"/>
          <line num="49" count="0" type="stmt"/>
          <line num="54" count="0" type="stmt"/>
          <line num="58" count="2" type="stmt"/>
        </file>
      </package>
      <package name="app.actions">
        <metrics statements="13" coveredstatements="5" conditionals="0" coveredconditionals="0" methods="9" coveredmethods="0"/>
        <file name="index.js" path="C:\Users\mateusz\Downloads\expereo-app-mateusz\src\app\actions\index.js">
          <metrics statements="13" coveredstatements="5" conditionals="0" coveredconditionals="0" methods="9" coveredmethods="0"/>
          <line num="1" count="1" type="stmt"/>
          <line num="3" count="0" type="stmt"/>
          <line num="6" count="1" type="stmt"/>
          <line num="8" count="0" type="stmt"/>
          <line num="11" count="1" type="stmt"/>
          <line num="18" count="1" type="stmt"/>
          <line num="20" count="1" type="stmt"/>
          <line num="21" count="0" type="stmt"/>
          <line num="22" count="0" type="stmt"/>
          <line num="26" count="0" type="stmt"/>
          <line num="27" count="0" type="stmt"/>
          <line num="28" count="0" type="stmt"/>
          <line num="29" count="0" type="stmt"/>
        </file>
      </package>
      <package name="app.components.login">
        <metrics statements="18" coveredstatements="9" conditionals="11" coveredconditionals="2" methods="7" coveredmethods="3"/>
        <file name="Login.js" path="C:\Users\mateusz\Downloads\expereo-app-mateusz\src\app\components\login\Login.js">
          <metrics statements="18" coveredstatements="9" conditionals="11" coveredconditionals="2" methods="7" coveredmethods="3"/>
          <line num="10" count="1" type="stmt"/>
          <line num="11" count="1" type="stmt"/>
          <line num="17" count="1" type="stmt"/>
          <line num="18" count="1" type="stmt"/>
          <line num="19" count="1" type="stmt"/>
          <line num="20" count="1" type="stmt"/>
          <line num="24" count="1" type="cond" truecount="1" falsecount="1"/>
          <line num="28" count="0" type="stmt"/>
          <line num="34" count="0" type="stmt"/>
          <line num="38" count="0" type="cond" truecount="0" falsecount="2"/>
          <line num="39" count="0" type="stmt"/>
          <line num="41" count="0" type="stmt"/>
          <line num="46" count="0" type="stmt"/>
          <line num="48" count="0" type="cond" truecount="0" falsecount="3"/>
          <line num="49" count="0" type="cond" truecount="0" falsecount="2"/>
          <line num="53" count="1" type="cond" truecount="1" falsecount="1"/>
          <line num="54" count="0" type="stmt"/>
          <line num="56" count="1" type="stmt"/>
        </file>
      </package>
      <package name="app.containers.table">
        <metrics statements="12" coveredstatements="2" conditionals="0" coveredconditionals="0" methods="10" coveredmethods="0"/>
        <file name="Table.js" path="C:\Users\mateusz\Downloads\expereo-app-mateusz\src\app\containers\table\Table.js">
          <metrics statements="12" coveredstatements="2" conditionals="0" coveredconditionals="0" methods="10" coveredmethods="0"/>
          <line num="8" count="1" type="stmt"/>
          <line num="14" count="1" type="stmt"/>
          <line num="16" count="0" type="stmt"/>
          <line num="27" count="0" type="stmt"/>
          <line num="31" count="0" type="stmt"/>
          <line num="35" count="0" type="stmt"/>
          <line num="39" count="0" type="stmt"/>
          <line num="41" count="0" type="stmt"/>
          <line num="50" count="0" type="stmt"/>
          <line num="57" count="0" type="stmt"/>
          <line num="62" count="0" type="stmt"/>
          <line num="71" count="0" type="stmt"/>
        </file>
      </package>
      <package name="app.services">
        <metrics statements="1" coveredstatements="1" conditionals="0" coveredconditionals="0" methods="1" coveredmethods="1"/>
        <file name="Fetch.js" path="C:\Users\mateusz\Downloads\expereo-app-mateusz\src\app\services\Fetch.js">
          <metrics statements="1" coveredstatements="1" conditionals="0" coveredconditionals="0" methods="1" coveredmethods="1"/>
          <line num="6" count="1" type="stmt"/>
        </file>
      </package>
    </metrics>
  </project>
</coverage>
