{
  "C:\\Users\\mateusz\\Downloads\\gridReact\\src\\app\\Client.js": {
    "path": "C:\\Users\\mateusz\\Downloads\\gridReact\\src\\app\\Client.js",
    "statementMap": {
      "0": {
        "start": { "line": 3, "column": 4 },
        "end": { "line": 3, "column": 67 }
      },
      "1": {
        "start": { "line": 5, "column": 4 },
        "end": { "line": 13, "column": 5 }
      },
      "2": {
        "start": { "line": 6, "column": 6 },
        "end": { "line": 6, "column": 49 }
      },
      "3": {
        "start": { "line": 8, "column": 6 },
        "end": { "line": 12, "column": 7 }
      },
      "4": {
        "start": { "line": 9, "column": 8 },
        "end": { "line": 11, "column": 9 }
      },
      "5": {
        "start": { "line": 10, "column": 10 },
        "end": { "line": 10, "column": 27 }
      },
      "6": {
        "start": { "line": 17, "column": 4 },
        "end": { "line": 17, "column": 23 }
      },
      "7": {
        "start": { "line": 21, "column": 4 },
        "end": { "line": 21, "column": 21 }
      },
      "8": {
        "start": { "line": 23, "column": 4 },
        "end": { "line": 25, "column": 5 }
      },
      "9": {
        "start": { "line": 24, "column": 6 },
        "end": { "line": 24, "column": 43 }
      },
      "10": {
        "start": { "line": 29, "column": 4 },
        "end": { "line": 29, "column": 21 }
      },
      "11": {
        "start": { "line": 31, "column": 4 },
        "end": { "line": 33, "column": 5 }
      },
      "12": {
        "start": { "line": 32, "column": 6 },
        "end": { "line": 32, "column": 40 }
      },
      "13": {
        "start": { "line": 37, "column": 4 },
        "end": { "line": 41, "column": 5 }
      },
      "14": {
        "start": { "line": 38, "column": 6 },
        "end": { "line": 38, "column": 18 }
      },
      "15": {
        "start": { "line": 40, "column": 6 },
        "end": { "line": 40, "column": 19 }
      },
      "16": {
        "start": { "line": 45, "column": 4 },
        "end": { "line": 50, "column": 5 }
      },
      "17": {
        "start": { "line": 46, "column": 6 },
        "end": { "line": 46, "column": 25 }
      },
      "18": {
        "start": { "line": 47, "column": 6 },
        "end": { "line": 47, "column": 18 }
      },
      "19": {
        "start": { "line": 49, "column": 6 },
        "end": { "line": 49, "column": 19 }
      },
      "20": {
        "start": { "line": 54, "column": 4 },
        "end": { "line": 54, "column": 22 }
      },
      "21": {
        "start": { "line": 58, "column": 22 },
        "end": { "line": 58, "column": 34 }
      }
    },
    "fnMap": {
      "0": {
        "name": "(anonymous_0)",
        "decl": {
          "start": { "line": 2, "column": 2 },
          "end": { "line": 2, "column": 3 }
        },
        "loc": {
          "start": { "line": 2, "column": 16 },
          "end": { "line": 14, "column": 3 }
        },
        "line": 2
      },
      "1": {
        "name": "(anonymous_1)",
        "decl": {
          "start": { "line": 16, "column": 2 },
          "end": { "line": 16, "column": 3 }
        },
        "loc": {
          "start": { "line": 16, "column": 15 },
          "end": { "line": 18, "column": 3 }
        },
        "line": 16
      },
      "2": {
        "name": "(anonymous_2)",
        "decl": {
          "start": { "line": 20, "column": 2 },
          "end": { "line": 20, "column": 3 }
        },
        "loc": {
          "start": { "line": 20, "column": 16 },
          "end": { "line": 26, "column": 3 }
        },
        "line": 20
      },
      "3": {
        "name": "(anonymous_3)",
        "decl": {
          "start": { "line": 28, "column": 2 },
          "end": { "line": 28, "column": 3 }
        },
        "loc": {
          "start": { "line": 28, "column": 15 },
          "end": { "line": 34, "column": 3 }
        },
        "line": 28
      },
      "4": {
        "name": "(anonymous_4)",
        "decl": {
          "start": { "line": 36, "column": 2 },
          "end": { "line": 36, "column": 3 }
        },
        "loc": {
          "start": { "line": 36, "column": 20 },
          "end": { "line": 42, "column": 3 }
        },
        "line": 36
      },
      "5": {
        "name": "(anonymous_5)",
        "decl": {
          "start": { "line": 44, "column": 2 },
          "end": { "line": 44, "column": 3 }
        },
        "loc": {
          "start": { "line": 44, "column": 14 },
          "end": { "line": 51, "column": 3 }
        },
        "line": 44
      },
      "6": {
        "name": "(anonymous_6)",
        "decl": {
          "start": { "line": 53, "column": 2 },
          "end": { "line": 53, "column": 3 }
        },
        "loc": {
          "start": { "line": 53, "column": 11 },
          "end": { "line": 55, "column": 3 }
        },
        "line": 53
      }
    },
    "branchMap": {
      "0": {
        "loc": {
          "start": { "line": 5, "column": 4 },
          "end": { "line": 13, "column": 5 }
        },
        "type": "if",
        "locations": [
          {
            "start": { "line": 5, "column": 4 },
            "end": { "line": 13, "column": 5 }
          },
          {
            "start": { "line": 5, "column": 4 },
            "end": { "line": 13, "column": 5 }
          }
        ],
        "line": 5
      },
      "1": {
        "loc": {
          "start": { "line": 8, "column": 6 },
          "end": { "line": 12, "column": 7 }
        },
        "type": "if",
        "locations": [
          {
            "start": { "line": 8, "column": 6 },
            "end": { "line": 12, "column": 7 }
          },
          {
            "start": { "line": 8, "column": 6 },
            "end": { "line": 12, "column": 7 }
          }
        ],
        "line": 8
      },
      "2": {
        "loc": {
          "start": { "line": 9, "column": 8 },
          "end": { "line": 11, "column": 9 }
        },
        "type": "if",
        "locations": [
          {
            "start": { "line": 9, "column": 8 },
            "end": { "line": 11, "column": 9 }
          },
          {
            "start": { "line": 9, "column": 8 },
            "end": { "line": 11, "column": 9 }
          }
        ],
        "line": 9
      },
      "3": {
        "loc": {
          "start": { "line": 23, "column": 4 },
          "end": { "line": 25, "column": 5 }
        },
        "type": "if",
        "locations": [
          {
            "start": { "line": 23, "column": 4 },
            "end": { "line": 25, "column": 5 }
          },
          {
            "start": { "line": 23, "column": 4 },
            "end": { "line": 25, "column": 5 }
          }
        ],
        "line": 23
      },
      "4": {
        "loc": {
          "start": { "line": 31, "column": 4 },
          "end": { "line": 33, "column": 5 }
        },
        "type": "if",
        "locations": [
          {
            "start": { "line": 31, "column": 4 },
            "end": { "line": 33, "column": 5 }
          },
          {
            "start": { "line": 31, "column": 4 },
            "end": { "line": 33, "column": 5 }
          }
        ],
        "line": 31
      },
      "5": {
        "loc": {
          "start": { "line": 37, "column": 4 },
          "end": { "line": 41, "column": 5 }
        },
        "type": "if",
        "locations": [
          {
            "start": { "line": 37, "column": 4 },
            "end": { "line": 41, "column": 5 }
          },
          {
            "start": { "line": 37, "column": 4 },
            "end": { "line": 41, "column": 5 }
          }
        ],
        "line": 37
      },
      "6": {
        "loc": {
          "start": { "line": 45, "column": 4 },
          "end": { "line": 50, "column": 5 }
        },
        "type": "if",
        "locations": [
          {
            "start": { "line": 45, "column": 4 },
            "end": { "line": 50, "column": 5 }
          },
          {
            "start": { "line": 45, "column": 4 },
            "end": { "line": 50, "column": 5 }
          }
        ],
        "line": 45
      }
    },
    "s": {
      "0": 2,
      "1": 2,
      "2": 0,
      "3": 0,
      "4": 0,
      "5": 0,
      "6": 0,
      "7": 1,
      "8": 1,
      "9": 0,
      "10": 0,
      "11": 0,
      "12": 0,
      "13": 1,
      "14": 1,
      "15": 0,
      "16": 1,
      "17": 1,
      "18": 1,
      "19": 0,
      "20": 0,
      "21": 2
    },
    "f": { "0": 2, "1": 0, "2": 1, "3": 0, "4": 1, "5": 1, "6": 0 },
    "b": {
      "0": [0, 2],
      "1": [0, 0],
      "2": [0, 0],
      "3": [0, 1],
      "4": [0, 0],
      "5": [1, 0],
      "6": [1, 0]
    },
    "_coverageSchema": "332fd63041d2c1bcb487cc26dd0d5f7d97098a6c",
    "hash": "3f6c86876af475c8967af8b748dfa0978563cb40"
  },
  "C:\\Users\\mateusz\\Downloads\\gridReact\\src\\app\\actions\\index.js": {
    "path":
      "C:\\Users\\mateusz\\Downloads\\gridReact\\src\\app\\actions\\index.js",
    "statementMap": {
      "0": {
        "start": { "line": 1, "column": 26 },
        "end": { "line": 1, "column": 38 }
      },
      "1": {
        "start": { "line": 3, "column": 2 },
        "end": { "line": 3, "column": 30 }
      },
      "2": {
        "start": { "line": 6, "column": 34 },
        "end": { "line": 6, "column": 54 }
      },
      "3": {
        "start": { "line": 8, "column": 2 },
        "end": { "line": 8, "column": 44 }
      },
      "4": {
        "start": { "line": 11, "column": 21 },
        "end": { "line": 16, "column": 1 }
      },
      "5": {
        "start": { "line": 18, "column": 14 },
        "end": { "line": 18, "column": 67 }
      },
      "6": {
        "start": { "line": 18, "column": 20 },
        "end": { "line": 18, "column": 67 }
      },
      "7": {
        "start": { "line": 18, "column": 43 },
        "end": { "line": 18, "column": 66 }
      },
      "8": {
        "start": { "line": 20, "column": 20 },
        "end": { "line": 23, "column": 4 }
      },
      "9": {
        "start": { "line": 21, "column": 2 },
        "end": { "line": 23, "column": 4 }
      },
      "10": {
        "start": { "line": 22, "column": 4 },
        "end": { "line": 22, "column": 31 }
      },
      "11": {
        "start": { "line": 26, "column": 2 },
        "end": { "line": 31, "column": 4 }
      },
      "12": {
        "start": { "line": 27, "column": 4 },
        "end": { "line": 27, "column": 26 }
      },
      "13": {
        "start": { "line": 28, "column": 4 },
        "end": { "line": 30, "column": 7 }
      },
      "14": {
        "start": { "line": 29, "column": 6 },
        "end": { "line": 29, "column": 39 }
      }
    },
    "fnMap": {
      "0": {
        "name": "fetchData",
        "decl": {
          "start": { "line": 2, "column": 9 },
          "end": { "line": 2, "column": 18 }
        },
        "loc": {
          "start": { "line": 2, "column": 21 },
          "end": { "line": 4, "column": 1 }
        },
        "line": 2
      },
      "1": {
        "name": "fetchDataSuccess",
        "decl": {
          "start": { "line": 7, "column": 9 },
          "end": { "line": 7, "column": 25 }
        },
        "loc": {
          "start": { "line": 7, "column": 32 },
          "end": { "line": 9, "column": 1 }
        },
        "line": 7
      },
      "2": {
        "name": "(anonymous_2)",
        "decl": {
          "start": { "line": 18, "column": 14 },
          "end": { "line": 18, "column": 15 }
        },
        "loc": {
          "start": { "line": 18, "column": 20 },
          "end": { "line": 18, "column": 67 }
        },
        "line": 18
      },
      "3": {
        "name": "(anonymous_3)",
        "decl": {
          "start": { "line": 18, "column": 32 },
          "end": { "line": 18, "column": 33 }
        },
        "loc": {
          "start": { "line": 18, "column": 43 },
          "end": { "line": 18, "column": 66 }
        },
        "line": 18
      },
      "4": {
        "name": "(anonymous_4)",
        "decl": {
          "start": { "line": 20, "column": 20 },
          "end": { "line": 20, "column": 21 }
        },
        "loc": {
          "start": { "line": 21, "column": 2 },
          "end": { "line": 23, "column": 4 }
        },
        "line": 21
      },
      "5": {
        "name": "(anonymous_5)",
        "decl": {
          "start": { "line": 21, "column": 19 },
          "end": { "line": 21, "column": 20 }
        },
        "loc": {
          "start": { "line": 21, "column": 25 },
          "end": { "line": 23, "column": 3 }
        },
        "line": 21
      },
      "6": {
        "name": "loadData",
        "decl": {
          "start": { "line": 25, "column": 16 },
          "end": { "line": 25, "column": 24 }
        },
        "loc": {
          "start": { "line": 25, "column": 27 },
          "end": { "line": 32, "column": 1 }
        },
        "line": 25
      },
      "7": {
        "name": "(anonymous_7)",
        "decl": {
          "start": { "line": 26, "column": 9 },
          "end": { "line": 26, "column": 10 }
        },
        "loc": {
          "start": { "line": 26, "column": 28 },
          "end": { "line": 31, "column": 3 }
        },
        "line": 26
      },
      "8": {
        "name": "(anonymous_8)",
        "decl": {
          "start": { "line": 28, "column": 23 },
          "end": { "line": 28, "column": 24 }
        },
        "loc": {
          "start": { "line": 28, "column": 31 },
          "end": { "line": 30, "column": 5 }
        },
        "line": 28
      }
    },
    "branchMap": {},
    "s": {
      "0": 1,
      "1": 0,
      "2": 1,
      "3": 0,
      "4": 1,
      "5": 1,
      "6": 0,
      "7": 0,
      "8": 1,
      "9": 0,
      "10": 0,
      "11": 0,
      "12": 0,
      "13": 0,
      "14": 0
    },
    "f": {
      "0": 0,
      "1": 0,
      "2": 0,
      "3": 0,
      "4": 0,
      "5": 0,
      "6": 0,
      "7": 0,
      "8": 0
    },
    "b": {},
    "_coverageSchema": "332fd63041d2c1bcb487cc26dd0d5f7d97098a6c",
    "hash": "a7358efd651dc96a5ef2beebc06a71188955efb1"
  },
  "C:\\Users\\mateusz\\Downloads\\gridReact\\src\\app\\components\\login\\Login.js": {
    "path":
      "C:\\Users\\mateusz\\Downloads\\gridReact\\src\\app\\components\\login\\Login.js",
    "statementMap": {
      "0": {
        "start": { "line": 10, "column": 4 },
        "end": { "line": 10, "column": 17 }
      },
      "1": {
        "start": { "line": 11, "column": 4 },
        "end": { "line": 16, "column": 6 }
      },
      "2": {
        "start": { "line": 17, "column": 4 },
        "end": { "line": 17, "column": 53 }
      },
      "3": {
        "start": { "line": 18, "column": 4 },
        "end": { "line": 18, "column": 53 }
      },
      "4": {
        "start": { "line": 19, "column": 4 },
        "end": { "line": 19, "column": 53 }
      },
      "5": {
        "start": { "line": 20, "column": 4 },
        "end": { "line": 20, "column": 53 }
      },
      "6": {
        "start": { "line": 24, "column": 4 },
        "end": { "line": 24, "column": 73 }
      },
      "7": {
        "start": { "line": 28, "column": 4 },
        "end": { "line": 30, "column": 7 }
      },
      "8": {
        "start": { "line": 34, "column": 4 },
        "end": { "line": 34, "column": 27 }
      },
      "9": {
        "start": { "line": 38, "column": 4 },
        "end": { "line": 42, "column": 5 }
      },
      "10": {
        "start": { "line": 39, "column": 6 },
        "end": { "line": 39, "column": 46 }
      },
      "11": {
        "start": { "line": 41, "column": 6 },
        "end": { "line": 41, "column": 58 }
      },
      "12": {
        "start": { "line": 46, "column": 26 },
        "end": { "line": 46, "column": 51 }
      },
      "13": {
        "start": { "line": 48, "column": 6 },
        "end": { "line": 48, "column": 72 }
      },
      "14": {
        "start": { "line": 49, "column": 4 },
        "end": { "line": 49, "column": 31 }
      },
      "15": {
        "start": { "line": 53, "column": 4 },
        "end": { "line": 99, "column": 5 }
      },
      "16": {
        "start": { "line": 54, "column": 6 },
        "end": { "line": 54, "column": 51 }
      },
      "17": {
        "start": { "line": 56, "column": 6 },
        "end": { "line": 98, "column": 8 }
      }
    },
    "fnMap": {
      "0": {
        "name": "(anonymous_0)",
        "decl": {
          "start": { "line": 9, "column": 2 },
          "end": { "line": 9, "column": 3 }
        },
        "loc": {
          "start": { "line": 9, "column": 21 },
          "end": { "line": 21, "column": 3 }
        },
        "line": 9
      },
      "1": {
        "name": "(anonymous_1)",
        "decl": {
          "start": { "line": 23, "column": 2 },
          "end": { "line": 23, "column": 3 }
        },
        "loc": {
          "start": { "line": 23, "column": 17 },
          "end": { "line": 25, "column": 3 }
        },
        "line": 23
      },
      "2": {
        "name": "(anonymous_2)",
        "decl": {
          "start": { "line": 27, "column": 2 },
          "end": { "line": 27, "column": 3 }
        },
        "loc": {
          "start": { "line": 27, "column": 22 },
          "end": { "line": 31, "column": 3 }
        },
        "line": 27
      },
      "3": {
        "name": "(anonymous_3)",
        "decl": {
          "start": { "line": 33, "column": 2 },
          "end": { "line": 33, "column": 3 }
        },
        "loc": {
          "start": { "line": 33, "column": 22 },
          "end": { "line": 35, "column": 3 }
        },
        "line": 33
      },
      "4": {
        "name": "(anonymous_4)",
        "decl": {
          "start": { "line": 37, "column": 2 },
          "end": { "line": 37, "column": 3 }
        },
        "loc": {
          "start": { "line": 37, "column": 22 },
          "end": { "line": 43, "column": 3 }
        },
        "line": 37
      },
      "5": {
        "name": "(anonymous_5)",
        "decl": {
          "start": { "line": 45, "column": 2 },
          "end": { "line": 45, "column": 3 }
        },
        "loc": {
          "start": { "line": 45, "column": 17 },
          "end": { "line": 50, "column": 3 }
        },
        "line": 45
      },
      "6": {
        "name": "(anonymous_6)",
        "decl": {
          "start": { "line": 52, "column": 2 },
          "end": { "line": 52, "column": 3 }
        },
        "loc": {
          "start": { "line": 52, "column": 11 },
          "end": { "line": 100, "column": 3 }
        },
        "line": 52
      }
    },
    "branchMap": {
      "0": {
        "loc": {
          "start": { "line": 24, "column": 11 },
          "end": { "line": 24, "column": 72 }
        },
        "type": "binary-expr",
        "locations": [
          {
            "start": { "line": 24, "column": 11 },
            "end": { "line": 24, "column": 38 }
          },
          {
            "start": { "line": 24, "column": 42 },
            "end": { "line": 24, "column": 72 }
          }
        ],
        "line": 24
      },
      "1": {
        "loc": {
          "start": { "line": 38, "column": 4 },
          "end": { "line": 42, "column": 5 }
        },
        "type": "if",
        "locations": [
          {
            "start": { "line": 38, "column": 4 },
            "end": { "line": 42, "column": 5 }
          },
          {
            "start": { "line": 38, "column": 4 },
            "end": { "line": 42, "column": 5 }
          }
        ],
        "line": 38
      },
      "2": {
        "loc": {
          "start": { "line": 48, "column": 6 },
          "end": { "line": 48, "column": 72 }
        },
        "type": "binary-expr",
        "locations": [
          {
            "start": { "line": 48, "column": 6 },
            "end": { "line": 48, "column": 19 }
          },
          {
            "start": { "line": 48, "column": 23 },
            "end": { "line": 48, "column": 41 }
          },
          {
            "start": { "line": 48, "column": 45 },
            "end": { "line": 48, "column": 72 }
          }
        ],
        "line": 48
      },
      "3": {
        "loc": {
          "start": { "line": 49, "column": 11 },
          "end": { "line": 49, "column": 30 }
        },
        "type": "binary-expr",
        "locations": [
          {
            "start": { "line": 49, "column": 11 },
            "end": { "line": 49, "column": 19 }
          },
          {
            "start": { "line": 49, "column": 23 },
            "end": { "line": 49, "column": 30 }
          }
        ],
        "line": 49
      },
      "4": {
        "loc": {
          "start": { "line": 53, "column": 4 },
          "end": { "line": 99, "column": 5 }
        },
        "type": "if",
        "locations": [
          {
            "start": { "line": 53, "column": 4 },
            "end": { "line": 99, "column": 5 }
          },
          {
            "start": { "line": 53, "column": 4 },
            "end": { "line": 99, "column": 5 }
          }
        ],
        "line": 53
      }
    },
    "s": {
      "0": 1,
      "1": 1,
      "2": 1,
      "3": 1,
      "4": 1,
      "5": 1,
      "6": 1,
      "7": 0,
      "8": 0,
      "9": 0,
      "10": 0,
      "11": 0,
      "12": 0,
      "13": 0,
      "14": 0,
      "15": 1,
      "16": 0,
      "17": 1
    },
    "f": { "0": 1, "1": 1, "2": 0, "3": 0, "4": 0, "5": 0, "6": 1 },
    "b": { "0": [1, 0], "1": [0, 0], "2": [0, 0, 0], "3": [0, 0], "4": [0, 1] },
    "_coverageSchema": "332fd63041d2c1bcb487cc26dd0d5f7d97098a6c",
    "hash": "e12e936d0926fb0e9ffcf258d804acd12c5cb1e8"
  },
  "C:\\Users\\mateusz\\Downloads\\gridReact\\src\\app\\containers\\table\\Table.js": {
    "path":
      "C:\\Users\\mateusz\\Downloads\\gridReact\\src\\app\\containers\\table\\Table.js",
    "statementMap": {
      "0": {
        "start": { "line": 8, "column": 24 },
        "end": { "line": 12, "column": 2 }
      },
      "1": {
        "start": { "line": 8, "column": 34 },
        "end": { "line": 12, "column": 1 }
      },
      "2": {
        "start": { "line": 14, "column": 27 },
        "end": { "line": 18, "column": 2 }
      },
      "3": {
        "start": { "line": 14, "column": 40 },
        "end": { "line": 18, "column": 1 }
      },
      "4": {
        "start": { "line": 16, "column": 4 },
        "end": { "line": 16, "column": 25 }
      },
      "5": {
        "start": { "line": 27, "column": 4 },
        "end": { "line": 27, "column": 22 }
      },
      "6": {
        "start": { "line": 31, "column": 4 },
        "end": { "line": 34, "column": 7 }
      },
      "7": {
        "start": { "line": 38, "column": 4 },
        "end": { "line": 38, "column": 45 }
      },
      "8": {
        "start": { "line": 42, "column": 31 },
        "end": { "line": 42, "column": 41 }
      },
      "9": {
        "start": { "line": 44, "column": 20 },
        "end": { "line": 72, "column": 5 }
      },
      "10": {
        "start": { "line": 53, "column": 23 },
        "end": { "line": 53, "column": 68 }
      },
      "11": {
        "start": { "line": 60, "column": 10 },
        "end": { "line": 67, "column": 12 }
      },
      "12": {
        "start": { "line": 65, "column": 29 },
        "end": { "line": 65, "column": 63 }
      },
      "13": {
        "start": { "line": 74, "column": 4 },
        "end": { "line": 89, "column": 6 }
      }
    },
    "fnMap": {
      "0": {
        "name": "(anonymous_0)",
        "decl": {
          "start": { "line": 8, "column": 24 },
          "end": { "line": 8, "column": 25 }
        },
        "loc": {
          "start": { "line": 8, "column": 34 },
          "end": { "line": 12, "column": 1 }
        },
        "line": 8
      },
      "1": {
        "name": "(anonymous_1)",
        "decl": {
          "start": { "line": 14, "column": 27 },
          "end": { "line": 14, "column": 28 }
        },
        "loc": {
          "start": { "line": 14, "column": 40 },
          "end": { "line": 18, "column": 1 }
        },
        "line": 14
      },
      "2": {
        "name": "(anonymous_2)",
        "decl": {
          "start": { "line": 15, "column": 8 },
          "end": { "line": 15, "column": 9 }
        },
        "loc": {
          "start": { "line": 15, "column": 14 },
          "end": { "line": 17, "column": 3 }
        },
        "line": 15
      },
      "3": {
        "name": "(anonymous_3)",
        "decl": {
          "start": { "line": 26, "column": 14 },
          "end": { "line": 26, "column": 15 }
        },
        "loc": {
          "start": { "line": 26, "column": 20 },
          "end": { "line": 28, "column": 3 }
        },
        "line": 26
      },
      "4": {
        "name": "(anonymous_4)",
        "decl": {
          "start": { "line": 30, "column": 16 },
          "end": { "line": 30, "column": 17 }
        },
        "loc": {
          "start": { "line": 30, "column": 27 },
          "end": { "line": 35, "column": 3 }
        },
        "line": 30
      },
      "5": {
        "name": "(anonymous_5)",
        "decl": {
          "start": { "line": 37, "column": 10 },
          "end": { "line": 37, "column": 11 }
        },
        "loc": {
          "start": { "line": 37, "column": 16 },
          "end": { "line": 39, "column": 3 }
        },
        "line": 37
      },
      "6": {
        "name": "(anonymous_6)",
        "decl": {
          "start": { "line": 41, "column": 2 },
          "end": { "line": 41, "column": 3 }
        },
        "loc": {
          "start": { "line": 41, "column": 11 },
          "end": { "line": 90, "column": 3 }
        },
        "line": 41
      },
      "7": {
        "name": "(anonymous_7)",
        "decl": {
          "start": { "line": 53, "column": 14 },
          "end": { "line": 53, "column": 15 }
        },
        "loc": {
          "start": { "line": 53, "column": 23 },
          "end": { "line": 53, "column": 68 }
        },
        "line": 53
      },
      "8": {
        "name": "(anonymous_8)",
        "decl": {
          "start": { "line": 59, "column": 14 },
          "end": { "line": 59, "column": 15 }
        },
        "loc": {
          "start": { "line": 59, "column": 32 },
          "end": { "line": 68, "column": 9 }
        },
        "line": 59
      },
      "9": {
        "name": "(anonymous_9)",
        "decl": {
          "start": { "line": 65, "column": 24 },
          "end": { "line": 65, "column": 25 }
        },
        "loc": {
          "start": { "line": 65, "column": 29 },
          "end": { "line": 65, "column": 63 }
        },
        "line": 65
      }
    },
    "branchMap": {},
    "s": {
      "0": 1,
      "1": 0,
      "2": 1,
      "3": 0,
      "4": 0,
      "5": 0,
      "6": 0,
      "7": 0,
      "8": 0,
      "9": 0,
      "10": 0,
      "11": 0,
      "12": 0,
      "13": 0
    },
    "f": {
      "0": 0,
      "1": 0,
      "2": 0,
      "3": 0,
      "4": 0,
      "5": 0,
      "6": 0,
      "7": 0,
      "8": 0,
      "9": 0
    },
    "b": {},
    "_coverageSchema": "332fd63041d2c1bcb487cc26dd0d5f7d97098a6c",
    "hash": "8e34fa68b509368faf2505ddff0ce0291c654c3c"
  },
  "C:\\Users\\mateusz\\Downloads\\gridReact\\src\\app\\services\\Fetch.js": {
    "path":
      "C:\\Users\\mateusz\\Downloads\\gridReact\\src\\app\\services\\Fetch.js",
    "statementMap": {
      "0": {
        "start": { "line": 6, "column": 4 },
        "end": { "line": 13, "column": 6 }
      }
    },
    "fnMap": {
      "0": {
        "name": "(anonymous_0)",
        "decl": {
          "start": { "line": 5, "column": 2 },
          "end": { "line": 5, "column": 3 }
        },
        "loc": {
          "start": { "line": 5, "column": 11 },
          "end": { "line": 14, "column": 3 }
        },
        "line": 5
      }
    },
    "branchMap": {},
    "s": { "0": 1 },
    "f": { "0": 1 },
    "b": {},
    "_coverageSchema": "332fd63041d2c1bcb487cc26dd0d5f7d97098a6c",
    "hash": "e65ff5e9d787d9444b0c653cfbf6e0c747b7d77e"
  }
}
