TN:
SF:C:\Users\mateusz\Downloads\gridReact\src\app\Client.js
FN:2,(anonymous_0)
FN:16,(anonymous_1)
FN:20,(anonymous_2)
FN:28,(anonymous_3)
FN:36,(anonymous_4)
FN:44,(anonymous_5)
FN:53,(anonymous_6)
FNF:7
FNH:4
FNDA:2,(anonymous_0)
FNDA:0,(anonymous_1)
FNDA:1,(anonymous_2)
FNDA:0,(anonymous_3)
FNDA:1,(anonymous_4)
FNDA:1,(anonymous_5)
FNDA:0,(anonymous_6)
DA:3,2
DA:5,2
DA:6,0
DA:8,0
DA:9,0
DA:10,0
DA:17,0
DA:21,1
DA:23,1
DA:24,0
DA:29,0
DA:31,0
DA:32,0
DA:37,1
DA:38,1
DA:40,0
DA:45,1
DA:46,1
DA:47,1
DA:49,0
DA:54,0
DA:58,2
LF:22
LH:10
BRDA:5,0,0,0
BRDA:5,0,1,2
BRDA:8,1,0,0
BRDA:8,1,1,0
BRDA:9,2,0,0
BRDA:9,2,1,0
BRDA:23,3,0,0
BRDA:23,3,1,1
BRDA:31,4,0,0
BRDA:31,4,1,0
BRDA:37,5,0,1
BRDA:37,5,1,0
BRDA:45,6,0,1
BRDA:45,6,1,0
BRF:14
BRH:4
end_of_record
TN:
SF:C:\Users\mateusz\Downloads\gridReact\src\app\actions\index.js
FN:2,fetchData
FN:7,fetchDataSuccess
FN:18,(anonymous_2)
FN:18,(anonymous_3)
FN:20,(anonymous_4)
FN:21,(anonymous_5)
FN:25,loadData
FN:26,(anonymous_7)
FN:28,(anonymous_8)
FNF:9
FNH:0
FNDA:0,fetchData
FNDA:0,fetchDataSuccess
FNDA:0,(anonymous_2)
FNDA:0,(anonymous_3)
FNDA:0,(anonymous_4)
FNDA:0,(anonymous_5)
FNDA:0,loadData
FNDA:0,(anonymous_7)
FNDA:0,(anonymous_8)
DA:1,1
DA:3,0
DA:6,1
DA:8,0
DA:11,1
DA:18,1
DA:20,1
DA:21,0
DA:22,0
DA:26,0
DA:27,0
DA:28,0
DA:29,0
LF:13
LH:5
BRF:0
BRH:0
end_of_record
TN:
SF:C:\Users\mateusz\Downloads\gridReact\src\app\components\login\Login.js
FN:9,(anonymous_0)
FN:23,(anonymous_1)
FN:27,(anonymous_2)
FN:33,(anonymous_3)
FN:37,(anonymous_4)
FN:45,(anonymous_5)
FN:52,(anonymous_6)
FNF:7
FNH:3
FNDA:1,(anonymous_0)
FNDA:1,(anonymous_1)
FNDA:0,(anonymous_2)
FNDA:0,(anonymous_3)
FNDA:0,(anonymous_4)
FNDA:0,(anonymous_5)
FNDA:1,(anonymous_6)
DA:10,1
DA:11,1
DA:17,1
DA:18,1
DA:19,1
DA:20,1
DA:24,1
DA:28,0
DA:34,0
DA:38,0
DA:39,0
DA:41,0
DA:46,0
DA:48,0
DA:49,0
DA:53,1
DA:54,0
DA:56,1
LF:18
LH:9
BRDA:24,0,0,1
BRDA:24,0,1,0
BRDA:38,1,0,0
BRDA:38,1,1,0
BRDA:48,2,0,0
BRDA:48,2,1,0
BRDA:48,2,2,0
BRDA:49,3,0,0
BRDA:49,3,1,0
BRDA:53,4,0,0
BRDA:53,4,1,1
BRF:11
BRH:2
end_of_record
TN:
SF:C:\Users\mateusz\Downloads\gridReact\src\app\containers\table\Table.js
FN:8,(anonymous_0)
FN:14,(anonymous_1)
FN:15,(anonymous_2)
FN:26,(anonymous_3)
FN:30,(anonymous_4)
FN:37,(anonymous_5)
FN:41,(anonymous_6)
FN:53,(anonymous_7)
FN:59,(anonymous_8)
FN:65,(anonymous_9)
FNF:10
FNH:0
FNDA:0,(anonymous_0)
FNDA:0,(anonymous_1)
FNDA:0,(anonymous_2)
FNDA:0,(anonymous_3)
FNDA:0,(anonymous_4)
FNDA:0,(anonymous_5)
FNDA:0,(anonymous_6)
FNDA:0,(anonymous_7)
FNDA:0,(anonymous_8)
FNDA:0,(anonymous_9)
DA:8,1
DA:14,1
DA:16,0
DA:27,0
DA:31,0
DA:38,0
DA:42,0
DA:44,0
DA:53,0
DA:60,0
DA:65,0
DA:74,0
LF:12
LH:2
BRF:0
BRH:0
end_of_record
TN:
SF:C:\Users\mateusz\Downloads\gridReact\src\app\services\Fetch.js
FN:5,(anonymous_0)
FNF:1
FNH:1
FNDA:1,(anonymous_0)
DA:6,1
LF:1
LH:1
BRF:0
BRH:0
end_of_record
